<?xml version="1.0" encoding="UTF-8"?>
<robot generator="Robot 3.1.1 (Python 3.7.3 on win32)" generated="20190409 10:09:41.898" rpa="false">
<suite id="s1" name="MiPrimerRobotConSelenium" source="C:\Users\SEMILLERO16\eclipse-workspace\MiPrimerRobotConSelenium">
<suite id="s1-s1" name="Test" source="C:\Users\SEMILLERO16\eclipse-workspace\MiPrimerRobotConSelenium\test">
<suite id="s1-s1-s1" name="TestSuiteSelenium" source="C:\Users\SEMILLERO16\eclipse-workspace\MiPrimerRobotConSelenium\test\TestSuiteSelenium.robot">
<test id="s1-s1-s1-t1" name="BuscarPalabraEnGoogle">
<kw name="Open Browser" library="SeleniumLibrary">
<doc>Opens a new browser instance to the given ``url``.</doc>
<arguments>
<arg>https://www.google.com/</arg>
<arg>chrome</arg>
</arguments>
<msg timestamp="20190409 10:09:42.155" level="INFO">Opening browser 'chrome' to base url 'https://www.google.com/'.</msg>
<status status="PASS" starttime="20190409 10:09:42.154" endtime="20190409 10:09:47.453"></status>
</kw>
<kw name="Set Browser Implicit Wait" library="SeleniumLibrary">
<doc>Sets the implicit wait value used by Selenium.</doc>
<arguments>
<arg>7</arg>
</arguments>
<status status="PASS" starttime="20190409 10:09:47.454" endtime="20190409 10:09:47.458"></status>
</kw>
<kw name="Input Text" library="SeleniumLibrary">
<doc>Types the given ``text`` into text field identified by ``locator``.</doc>
<arguments>
<arg>name=q</arg>
<arg>automatizacion</arg>
</arguments>
<msg timestamp="20190409 10:09:47.459" level="INFO">Typing text 'automatizacion' into text field 'name=q'.</msg>
<status status="PASS" starttime="20190409 10:09:47.459" endtime="20190409 10:09:47.658"></status>
</kw>
<kw name="Press Keys" library="SeleniumLibrary">
<doc>Simulates user pressing key(s) to an element or on the active browser.</doc>
<arguments>
<arg>name=q</arg>
<arg>ESCAPE</arg>
</arguments>
<msg timestamp="20190409 10:09:47.659" level="INFO">Sending key(s) ('ESCAPE',) to name=q element.</msg>
<msg timestamp="20190409 10:09:47.671" level="INFO">Pressing special key ESCAPE to element.</msg>
<status status="PASS" starttime="20190409 10:09:47.659" endtime="20190409 10:09:47.704"></status>
</kw>
<kw name="Click Button" library="SeleniumLibrary">
<doc>Clicks button identified by ``locator``.</doc>
<arguments>
<arg>name=btnK</arg>
</arguments>
<msg timestamp="20190409 10:09:47.705" level="INFO">Clicking button 'name=btnK'.</msg>
<status status="PASS" starttime="20190409 10:09:47.705" endtime="20190409 10:09:49.407"></status>
</kw>
<kw name="Close Browser" library="SeleniumLibrary">
<doc>Closes the current browser.</doc>
<status status="PASS" starttime="20190409 10:09:49.408" endtime="20190409 10:09:51.711"></status>
</kw>
<kw name="Log" library="BuiltIn">
<doc>Logs the given message with the given level.</doc>
<arguments>
<arg>test realizado</arg>
</arguments>
<msg timestamp="20190409 10:09:51.717" level="INFO">test realizado</msg>
<status status="PASS" starttime="20190409 10:09:51.713" endtime="20190409 10:09:51.718"></status>
</kw>
<status status="PASS" starttime="20190409 10:09:42.153" endtime="20190409 10:09:51.720" critical="yes"></status>
</test>
<status status="PASS" starttime="20190409 10:09:41.974" endtime="20190409 10:09:51.725"></status>
</suite>
<status status="PASS" starttime="20190409 10:09:41.971" endtime="20190409 10:09:51.736"></status>
</suite>
<status status="PASS" starttime="20190409 10:09:41.942" endtime="20190409 10:09:51.745"></status>
</suite>
<statistics>
<total>
<stat pass="1" fail="0">Critical Tests</stat>
<stat pass="1" fail="0">All Tests</stat>
</total>
<tag>
</tag>
<suite>
<stat pass="1" fail="0" id="s1" name="MiPrimerRobotConSelenium">MiPrimerRobotConSelenium</stat>
<stat pass="1" fail="0" id="s1-s1" name="Test">MiPrimerRobotConSelenium.Test</stat>
<stat pass="1" fail="0" id="s1-s1-s1" name="TestSuiteSelenium">MiPrimerRobotConSelenium.Test.TestSuiteSelenium</stat>
</suite>
</statistics>
<errors>
</errors>
</robot>
